{"/Users/himan/Work/Sacred Sutra/code/material-ui-vite-ts/src/App.tsx": {"path":"/Users/himan/Work/Sacred Sutra/code/material-ui-vite-ts/src/App.tsx","statementMap":{"0":{"start":{"line":18,"column":0},"end":{"line":18,"column":24}},"1":{"start":{"line":1,"column":0},"end":{"line":1,"column":40}},"2":{"start":{"line":2,"column":0},"end":{"line":2,"column":74}},"3":{"start":{"line":3,"column":0},"end":{"line":3,"column":74}},"4":{"start":{"line":4,"column":0},"end":{"line":4,"column":49}},"5":{"start":{"line":6,"column":17},"end":{"line":9,"column":null}},"6":{"start":{"line":7,"column":2},"end":{"line":9,"column":5}},"7":{"start":{"line":7,"column":2},"end":{"line":7,"column":35}},"8":{"start":{"line":7,"column":53},"end":{"line":9,"column":4}},"9":{"start":{"line":12,"column":23},"end":{"line":15,"column":null}},"10":{"start":{"line":13,"column":2},"end":{"line":15,"column":5}},"11":{"start":{"line":13,"column":2},"end":{"line":13,"column":55}},"12":{"start":{"line":13,"column":73},"end":{"line":15,"column":4}},"13":{"start":{"line":19,"column":2},"end":{"line":30,"column":4}}},"fnMap":{"0":{"name":"(anonymous_9)","decl":{"start":{"line":6,"column":28},"end":{"line":6,"column":31}},"loc":{"start":{"line":7,"column":2},"end":{"line":9,"column":5}}},"1":{"name":"(anonymous_10)","decl":{"start":{"line":7,"column":2},"end":{"line":7,"column":9}},"loc":{"start":{"line":7,"column":2},"end":{"line":7,"column":35}}},"2":{"name":"(anonymous_11)","decl":{"start":{"line":7,"column":40},"end":{"line":7,"column":41}},"loc":{"start":{"line":7,"column":53},"end":{"line":9,"column":4}}},"3":{"name":"(anonymous_12)","decl":{"start":{"line":12,"column":34},"end":{"line":12,"column":37}},"loc":{"start":{"line":13,"column":2},"end":{"line":15,"column":5}}},"4":{"name":"(anonymous_13)","decl":{"start":{"line":13,"column":2},"end":{"line":13,"column":9}},"loc":{"start":{"line":13,"column":2},"end":{"line":13,"column":55}}},"5":{"name":"(anonymous_14)","decl":{"start":{"line":13,"column":60},"end":{"line":13,"column":61}},"loc":{"start":{"line":13,"column":73},"end":{"line":15,"column":4}}},"6":{"name":"App","decl":{"start":{"line":18,"column":24},"end":{"line":18,"column":27}},"loc":{"start":{"line":18,"column":27},"end":{"line":31,"column":1}}}},"branchMap":{},"s":{"0":1,"1":1,"2":1,"3":1,"4":1,"5":1,"6":1,"7":1,"8":1,"9":1,"10":1,"11":1,"12":1,"13":4},"f":{"0":1,"1":1,"2":1,"3":1,"4":1,"5":1,"6":4},"b":{}}
,"/Users/himan/Work/Sacred Sutra/code/material-ui-vite-ts/src/components/appbar.tsx": {"path":"/Users/himan/Work/Sacred Sutra/code/material-ui-vite-ts/src/components/appbar.tsx","statementMap":{"0":{"start":{"line":1,"column":0},"end":{"line":1,"column":48}},"1":{"start":{"line":2,"column":0},"end":{"line":2,"column":null}},"2":{"start":{"line":11,"column":22},"end":{"line":34,"column":null}},"3":{"start":{"line":14,"column":2},"end":{"line":33,"column":null}},"4":{"start":{"line":11,"column":13},"end":{"line":11,"column":22}}},"fnMap":{"0":{"name":"(anonymous_1)","decl":{"start":{"line":11,"column":22},"end":{"line":11,"column":23}},"loc":{"start":{"line":14,"column":2},"end":{"line":33,"column":null}}}},"branchMap":{},"s":{"0":1,"1":1,"2":1,"3":8,"4":1},"f":{"0":8},"b":{}}
,"/Users/himan/Work/Sacred Sutra/code/material-ui-vite-ts/src/containers/default/default.container.tsx": {"path":"/Users/himan/Work/Sacred Sutra/code/material-ui-vite-ts/src/containers/default/default.container.tsx","statementMap":{"0":{"start":{"line":1,"column":0},"end":{"line":1,"column":56}},"1":{"start":{"line":2,"column":0},"end":{"line":2,"column":null}},"2":{"start":{"line":13,"column":0},"end":{"line":13,"column":26}},"3":{"start":{"line":14,"column":0},"end":{"line":14,"column":50}},"4":{"start":{"line":15,"column":0},"end":{"line":15,"column":49}},"5":{"start":{"line":17,"column":32},"end":{"line":65,"column":1}},"6":{"start":{"line":22,"column":26},"end":{"line":22,"column":47}},"7":{"start":{"line":24,"column":23},"end":{"line":26,"column":3}},"8":{"start":{"line":24,"column":45},"end":{"line":26,"column":3}},"9":{"start":{"line":25,"column":4},"end":{"line":25,"column":21}},"10":{"start":{"line":29,"column":4},"end":{"line":52,"column":null}},"11":{"start":{"line":56,"column":2},"end":{"line":64,"column":4}},"12":{"start":{"line":17,"column":13},"end":{"line":17,"column":32}}},"fnMap":{"0":{"name":"(anonymous_1)","decl":{"start":{"line":17,"column":32},"end":{"line":17,"column":33}},"loc":{"start":{"line":21,"column":5},"end":{"line":65,"column":1}}},"1":{"name":"(anonymous_2)","decl":{"start":{"line":24,"column":23},"end":{"line":24,"column":24}},"loc":{"start":{"line":24,"column":45},"end":{"line":26,"column":3}}},"2":{"name":"(anonymous_3)","decl":{"start":{"line":24,"column":45},"end":{"line":24,"column":48}},"loc":{"start":{"line":24,"column":50},"end":{"line":26,"column":3}}}},"branchMap":{},"s":{"0":1,"1":1,"2":1,"3":1,"4":1,"5":1,"6":8,"7":8,"8":24,"9":5,"10":8,"11":8,"12":1},"f":{"0":8,"1":24,"2":5},"b":{}}
,"/Users/himan/Work/Sacred Sutra/code/material-ui-vite-ts/src/pages/home/file-input.tsx": {"path":"/Users/himan/Work/Sacred Sutra/code/material-ui-vite-ts/src/pages/home/file-input.tsx","statementMap":{"0":{"start":{"line":1,"column":0},"end":{"line":1,"column":63}},"1":{"start":{"line":2,"column":0},"end":{"line":2,"column":39}},"2":{"start":{"line":3,"column":0},"end":{"line":3,"column":46}},"3":{"start":{"line":7,"column":28},"end":{"line":17,"column":2}},"4":{"start":{"line":19,"column":25},"end":{"line":33,"column":1}},"5":{"start":{"line":20,"column":2},"end":{"line":32,"column":4}},"6":{"start":{"line":27,"column":23},"end":{"line":27,"column":40}},"7":{"start":{"line":19,"column":13},"end":{"line":19,"column":25}}},"fnMap":{"0":{"name":"(anonymous_0)","decl":{"start":{"line":19,"column":25},"end":{"line":19,"column":26}},"loc":{"start":{"line":19,"column":50},"end":{"line":33,"column":1}}},"1":{"name":"(anonymous_1)","decl":{"start":{"line":27,"column":16},"end":{"line":27,"column":17}},"loc":{"start":{"line":27,"column":23},"end":{"line":27,"column":40}}}},"branchMap":{"0":{"loc":{"start":{"line":23,"column":13},"end":{"line":23,"column":50}},"type":"cond-expr","locations":[{"start":{"line":23,"column":30},"end":{"line":23,"column":39}},{"start":{"line":23,"column":41},"end":{"line":23,"column":50}}]},"1":{"loc":{"start":{"line":24,"column":15},"end":{"line":24,"column":56}},"type":"cond-expr","locations":[{"start":{"line":24,"column":32},"end":{"line":24,"column":43}},{"start":{"line":24,"column":46},"end":{"line":24,"column":56}}]},"2":{"loc":{"start":{"line":26,"column":17},"end":{"line":26,"column":67}},"type":"cond-expr","locations":[{"start":{"line":26,"column":34},"end":{"line":26,"column":46}},{"start":{"line":26,"column":49},"end":{"line":26,"column":67}}]},"3":{"loc":{"start":{"line":30,"column":47},"end":{"line":30,"column":81}},"type":"binary-expr","locations":[{"start":{"line":30,"column":47},"end":{"line":30,"column":60}},{"start":{"line":30,"column":64},"end":{"line":30,"column":81}}]}},"s":{"0":2,"1":2,"2":2,"3":2,"4":2,"5":28,"6":1,"7":2},"f":{"0":28,"1":1},"b":{"0":[0,28],"1":[0,28],"2":[0,28],"3":[28,0]}}
,"/Users/himan/Work/Sacred Sutra/code/material-ui-vite-ts/src/pages/home/home.page.tsx": {"path":"/Users/himan/Work/Sacred Sutra/code/material-ui-vite-ts/src/pages/home/home.page.tsx","statementMap":{"0":{"start":{"line":1,"column":0},"end":{"line":1,"column":62}},"1":{"start":{"line":2,"column":0},"end":{"line":2,"column":46}},"2":{"start":{"line":3,"column":0},"end":{"line":3,"column":36}},"3":{"start":{"line":4,"column":0},"end":{"line":4,"column":39}},"4":{"start":{"line":5,"column":0},"end":{"line":5,"column":46}},"5":{"start":{"line":6,"column":0},"end":{"line":6,"column":53}},"6":{"start":{"line":7,"column":0},"end":{"line":7,"column":58}},"7":{"start":{"line":8,"column":0},"end":{"line":8,"column":41}},"8":{"start":{"line":11,"column":24},"end":{"line":106,"column":1}},"9":{"start":{"line":12,"column":30},"end":{"line":12,"column":46}},"10":{"start":{"line":13,"column":34},"end":{"line":13,"column":50}},"11":{"start":{"line":14,"column":31},"end":{"line":14,"column":49}},"12":{"start":{"line":16,"column":23},"end":{"line":32,"column":3}},"13":{"start":{"line":17,"column":4},"end":{"line":17,"column":37}},"14":{"start":{"line":17,"column":30},"end":{"line":17,"column":37}},"15":{"start":{"line":19,"column":16},"end":{"line":22,"column":6}},"16":{"start":{"line":24,"column":27},"end":{"line":24,"column":43}},"17":{"start":{"line":25,"column":17},"end":{"line":25,"column":72}},"18":{"start":{"line":28,"column":19},"end":{"line":28,"column":44}},"19":{"start":{"line":29,"column":4},"end":{"line":29,"column":21}},"20":{"start":{"line":30,"column":4},"end":{"line":30,"column":25}},"21":{"start":{"line":31,"column":4},"end":{"line":31,"column":27}},"22":{"start":{"line":34,"column":2},"end":{"line":105,"column":4}},"23":{"start":{"line":48,"column":16},"end":{"line":50,"column":17}},"24":{"start":{"line":49,"column":18},"end":{"line":49,"column":47}},"25":{"start":{"line":63,"column":16},"end":{"line":65,"column":17}},"26":{"start":{"line":64,"column":18},"end":{"line":64,"column":50}},"27":{"start":{"line":77,"column":12},"end":{"line":77,"column":27}},"28":{"start":{"line":95,"column":16},"end":{"line":95,"column":39}},"29":{"start":{"line":11,"column":13},"end":{"line":11,"column":24}}},"fnMap":{"0":{"name":"(anonymous_1)","decl":{"start":{"line":11,"column":24},"end":{"line":11,"column":27}},"loc":{"start":{"line":11,"column":29},"end":{"line":106,"column":1}}},"1":{"name":"(anonymous_2)","decl":{"start":{"line":16,"column":23},"end":{"line":16,"column":28}},"loc":{"start":{"line":16,"column":34},"end":{"line":32,"column":3}}},"2":{"name":"(anonymous_3)","decl":{"start":{"line":47,"column":24},"end":{"line":47,"column":25}},"loc":{"start":{"line":47,"column":61},"end":{"line":51,"column":15}}},"3":{"name":"(anonymous_4)","decl":{"start":{"line":62,"column":24},"end":{"line":62,"column":25}},"loc":{"start":{"line":62,"column":61},"end":{"line":66,"column":15}}},"4":{"name":"(anonymous_5)","decl":{"start":{"line":76,"column":19},"end":{"line":76,"column":22}},"loc":{"start":{"line":76,"column":24},"end":{"line":78,"column":11}}},"5":{"name":"(anonymous_6)","decl":{"start":{"line":94,"column":23},"end":{"line":94,"column":26}},"loc":{"start":{"line":94,"column":28},"end":{"line":96,"column":15}}}},"branchMap":{"0":{"loc":{"start":{"line":17,"column":4},"end":{"line":17,"column":37}},"type":"if","locations":[{"start":{"line":17,"column":4},"end":{"line":17,"column":37}}]},"1":{"loc":{"start":{"line":17,"column":8},"end":{"line":17,"column":28}},"type":"binary-expr","locations":[{"start":{"line":17,"column":8},"end":{"line":17,"column":15}},{"start":{"line":17,"column":19},"end":{"line":17,"column":28}}]},"2":{"loc":{"start":{"line":48,"column":16},"end":{"line":50,"column":17}},"type":"if","locations":[{"start":{"line":48,"column":16},"end":{"line":50,"column":17}}]},"3":{"loc":{"start":{"line":63,"column":16},"end":{"line":65,"column":17}},"type":"if","locations":[{"start":{"line":63,"column":16},"end":{"line":65,"column":17}}]},"4":{"loc":{"start":{"line":80,"column":20},"end":{"line":80,"column":40}},"type":"binary-expr","locations":[{"start":{"line":80,"column":20},"end":{"line":80,"column":27}},{"start":{"line":80,"column":31},"end":{"line":80,"column":40}}]},"5":{"loc":{"start":{"line":85,"column":7},"end":{"line":102,"column":null}},"type":"binary-expr","locations":[{"start":{"line":85,"column":7},"end":{"line":85,"column":15}},{"start":{"line":86,"column":8},"end":{"line":101,"column":null}}]}},"s":{"0":1,"1":1,"2":1,"3":1,"4":1,"5":1,"6":1,"7":1,"8":1,"9":2,"10":2,"11":2,"12":2,"13":0,"14":0,"15":0,"16":0,"17":0,"18":0,"19":0,"20":0,"21":0,"22":2,"23":0,"24":0,"25":0,"26":0,"27":0,"28":0,"29":1},"f":{"0":2,"1":0,"2":0,"3":0,"4":0,"5":0},"b":{"0":[0],"1":[0,0],"2":[0],"3":[0],"4":[2,2],"5":[2,0]}}
,"/Users/himan/Work/Sacred Sutra/code/material-ui-vite-ts/src/pages/home/utils.ts": {"path":"/Users/himan/Work/Sacred Sutra/code/material-ui-vite-ts/src/pages/home/utils.ts","statementMap":{"0":{"start":{"line":18,"column":0},"end":{"line":18,"column":16}},"1":{"start":{"line":1,"column":33},"end":{"line":16,"column":1}},"2":{"start":{"line":4,"column":2},"end":{"line":4,"column":25}},"3":{"start":{"line":4,"column":13},"end":{"line":4,"column":25}},"4":{"start":{"line":6,"column":21},"end":{"line":6,"column":37}},"5":{"start":{"line":9,"column":2},"end":{"line":15,"column":5}},"6":{"start":{"line":10,"column":4},"end":{"line":12,"column":6}},"7":{"start":{"line":11,"column":6},"end":{"line":11,"column":64}},"8":{"start":{"line":13,"column":4},"end":{"line":13,"column":32}},"9":{"start":{"line":14,"column":4},"end":{"line":14,"column":39}},"10":{"start":{"line":1,"column":13},"end":{"line":1,"column":33}},"11":{"start":{"line":19,"column":12},"end":{"line":19,"column":39}},"12":{"start":{"line":20,"column":2},"end":{"line":20,"column":31}},"13":{"start":{"line":21,"column":2},"end":{"line":21,"column":27}},"14":{"start":{"line":22,"column":2},"end":{"line":22,"column":20}},"15":{"start":{"line":23,"column":2},"end":{"line":23,"column":22}},"16":{"start":{"line":24,"column":2},"end":{"line":24,"column":42}},"17":{"start":{"line":25,"column":2},"end":{"line":25,"column":12}},"18":{"start":{"line":26,"column":2},"end":{"line":26,"column":31}}},"fnMap":{"0":{"name":"(anonymous_0)","decl":{"start":{"line":1,"column":33},"end":{"line":1,"column":38}},"loc":{"start":{"line":3,"column":32},"end":{"line":16,"column":1}}},"1":{"name":"(anonymous_1)","decl":{"start":{"line":9,"column":39},"end":{"line":9,"column":40}},"loc":{"start":{"line":9,"column":59},"end":{"line":15,"column":3}}},"2":{"name":"(anonymous_2)","decl":{"start":{"line":10,"column":24},"end":{"line":10,"column":27}},"loc":{"start":{"line":10,"column":29},"end":{"line":12,"column":5}}},"3":{"name":"downloadFile","decl":{"start":{"line":18,"column":16},"end":{"line":18,"column":28}},"loc":{"start":{"line":18,"column":45},"end":{"line":27,"column":1}}}},"branchMap":{"0":{"loc":{"start":{"line":4,"column":2},"end":{"line":4,"column":25}},"type":"if","locations":[{"start":{"line":4,"column":2},"end":{"line":4,"column":25}}]}},"s":{"0":1,"1":1,"2":0,"3":0,"4":0,"5":0,"6":0,"7":0,"8":0,"9":0,"10":1,"11":0,"12":0,"13":0,"14":0,"15":0,"16":0,"17":0,"18":0},"f":{"0":0,"1":0,"2":0,"3":0},"b":{"0":[0]}}
,"/Users/himan/Work/Sacred Sutra/code/material-ui-vite-ts/src/pages/home/services/TrasformAmazonPages.ts": {"path":"/Users/himan/Work/Sacred Sutra/code/material-ui-vite-ts/src/pages/home/services/TrasformAmazonPages.ts","statementMap":{"0":{"start":{"line":5,"column":0},"end":{"line":5,"column":7}},"1":{"start":{"line":1,"column":0},"end":{"line":1,"column":38}},"2":{"start":{"line":9,"column":17},"end":{"line":9,"column":49}},"3":{"start":{"line":12,"column":20},"end":{"line":12,"column":46}},"4":{"start":{"line":15,"column":16},"end":{"line":15,"column":33}},"5":{"start":{"line":18,"column":2},"end":{"line":24,"column":3}},"6":{"start":{"line":18,"column":15},"end":{"line":18,"column":16}},"7":{"start":{"line":19,"column":4},"end":{"line":23,"column":5}},"8":{"start":{"line":21,"column":27},"end":{"line":21,"column":65}},"9":{"start":{"line":22,"column":6},"end":{"line":22,"column":36}},"10":{"start":{"line":25,"column":2},"end":{"line":25,"column":19}}},"fnMap":{"0":{"name":"TrasformAmazonPages","decl":{"start":{"line":5,"column":22},"end":{"line":5,"column":41}},"loc":{"start":{"line":6,"column":22},"end":{"line":26,"column":1}}}},"branchMap":{"0":{"loc":{"start":{"line":19,"column":4},"end":{"line":23,"column":5}},"type":"if","locations":[{"start":{"line":19,"column":4},"end":{"line":23,"column":5}}]}},"s":{"0":2,"1":2,"2":2,"3":2,"4":2,"5":2,"6":2,"7":8,"8":4,"9":4,"10":2},"f":{"0":2},"b":{"0":[4]}}
,"/Users/himan/Work/Sacred Sutra/code/material-ui-vite-ts/src/pages/home/services/TrasformFlipkartPages.ts": {"path":"/Users/himan/Work/Sacred Sutra/code/material-ui-vite-ts/src/pages/home/services/TrasformFlipkartPages.ts","statementMap":{"0":{"start":{"line":5,"column":0},"end":{"line":5,"column":7}},"1":{"start":{"line":1,"column":0},"end":{"line":1,"column":38}},"2":{"start":{"line":8,"column":17},"end":{"line":8,"column":49}},"3":{"start":{"line":9,"column":20},"end":{"line":9,"column":46}},"4":{"start":{"line":12,"column":16},"end":{"line":12,"column":33}},"5":{"start":{"line":15,"column":2},"end":{"line":38,"column":3}},"6":{"start":{"line":15,"column":15},"end":{"line":15,"column":16}},"7":{"start":{"line":16,"column":17},"end":{"line":16,"column":25}},"8":{"start":{"line":17,"column":21},"end":{"line":17,"column":39}},"9":{"start":{"line":18,"column":18},"end":{"line":18,"column":32}},"10":{"start":{"line":19,"column":19},"end":{"line":19,"column":34}},"11":{"start":{"line":22,"column":23},"end":{"line":22,"column":26}},"12":{"start":{"line":23,"column":23},"end":{"line":23,"column":38}},"13":{"start":{"line":24,"column":24},"end":{"line":24,"column":29}},"14":{"start":{"line":25,"column":24},"end":{"line":25,"column":35}},"15":{"start":{"line":27,"column":4},"end":{"line":27,"column":31}},"16":{"start":{"line":28,"column":4},"end":{"line":28,"column":32}},"17":{"start":{"line":31,"column":4},"end":{"line":31,"column":70}},"18":{"start":{"line":34,"column":25},"end":{"line":34,"column":63}},"19":{"start":{"line":37,"column":4},"end":{"line":37,"column":34}},"20":{"start":{"line":40,"column":2},"end":{"line":40,"column":16}}},"fnMap":{"0":{"name":"TrasformFlipkartPages","decl":{"start":{"line":5,"column":22},"end":{"line":5,"column":43}},"loc":{"start":{"line":6,"column":22},"end":{"line":41,"column":1}}}},"branchMap":{},"s":{"0":2,"1":2,"2":2,"3":2,"4":2,"5":2,"6":2,"7":2,"8":2,"9":0,"10":0,"11":0,"12":0,"13":0,"14":0,"15":0,"16":0,"17":0,"18":0,"19":0,"20":0},"f":{"0":2},"b":{}}
,"/Users/himan/Work/Sacred Sutra/code/material-ui-vite-ts/src/pages/home/services/merge.service.ts": {"path":"/Users/himan/Work/Sacred Sutra/code/material-ui-vite-ts/src/pages/home/services/merge.service.ts","statementMap":{"0":{"start":{"line":5,"column":0},"end":{"line":5,"column":7}},"1":{"start":{"line":1,"column":0},"end":{"line":1,"column":38}},"2":{"start":{"line":2,"column":0},"end":{"line":2,"column":60}},"3":{"start":{"line":3,"column":0},"end":{"line":3,"column":64}},"4":{"start":{"line":12,"column":17},"end":{"line":12,"column":43}},"5":{"start":{"line":13,"column":2},"end":{"line":20,"column":3}},"6":{"start":{"line":14,"column":16},"end":{"line":14,"column":48}},"7":{"start":{"line":15,"column":18},"end":{"line":15,"column":32}},"8":{"start":{"line":16,"column":4},"end":{"line":19,"column":5}},"9":{"start":{"line":16,"column":17},"end":{"line":16,"column":18}},"10":{"start":{"line":17,"column":21},"end":{"line":17,"column":53}},"11":{"start":{"line":18,"column":6},"end":{"line":18,"column":27}},"12":{"start":{"line":22,"column":2},"end":{"line":29,"column":3}},"13":{"start":{"line":23,"column":17},"end":{"line":23,"column":49}},"14":{"start":{"line":24,"column":18},"end":{"line":24,"column":33}},"15":{"start":{"line":25,"column":4},"end":{"line":28,"column":5}},"16":{"start":{"line":25,"column":17},"end":{"line":25,"column":18}},"17":{"start":{"line":26,"column":21},"end":{"line":26,"column":54}},"18":{"start":{"line":27,"column":6},"end":{"line":27,"column":27}},"19":{"start":{"line":31,"column":2},"end":{"line":31,"column":16}}},"fnMap":{"0":{"name":"mergePdfs","decl":{"start":{"line":5,"column":22},"end":{"line":5,"column":31}},"loc":{"start":{"line":11,"column":1},"end":{"line":32,"column":1}}}},"branchMap":{"0":{"loc":{"start":{"line":13,"column":2},"end":{"line":20,"column":3}},"type":"if","locations":[{"start":{"line":13,"column":2},"end":{"line":20,"column":3}}]},"1":{"loc":{"start":{"line":22,"column":2},"end":{"line":29,"column":3}},"type":"if","locations":[{"start":{"line":22,"column":2},"end":{"line":29,"column":3}}]}},"s":{"0":2,"1":2,"2":2,"3":2,"4":4,"5":4,"6":2,"7":2,"8":2,"9":2,"10":2,"11":2,"12":4,"13":2,"14":2,"15":2,"16":2,"17":2,"18":2,"19":4},"f":{"0":4},"b":{"0":[2],"1":[2]}}
,"/Users/himan/Work/Sacred Sutra/code/material-ui-vite-ts/src/pages/orderAnalytics/ProductGroupTable.tsx": {"path":"/Users/himan/Work/Sacred Sutra/code/material-ui-vite-ts/src/pages/orderAnalytics/ProductGroupTable.tsx","statementMap":{"0":{"start":{"line":1,"column":0},"end":{"line":1,"column":40}},"1":{"start":{"line":2,"column":0},"end":{"line":2,"column":null}},"2":{"start":{"line":15,"column":0},"end":{"line":15,"column":73}},"3":{"start":{"line":16,"column":0},"end":{"line":16,"column":38}},"4":{"start":{"line":25,"column":67},"end":{"line":167,"column":1}},"5":{"start":{"line":28,"column":28},"end":{"line":28,"column":50}},"6":{"start":{"line":29,"column":32},"end":{"line":29,"column":62}},"7":{"start":{"line":30,"column":32},"end":{"line":30,"column":61}},"8":{"start":{"line":32,"column":25},"end":{"line":34,"column":3}},"9":{"start":{"line":33,"column":4},"end":{"line":33,"column":49}},"10":{"start":{"line":36,"column":28},"end":{"line":40,"column":3}},"11":{"start":{"line":37,"column":18},"end":{"line":37,"column":57}},"12":{"start":{"line":38,"column":4},"end":{"line":38,"column":37}},"13":{"start":{"line":39,"column":4},"end":{"line":39,"column":25}},"14":{"start":{"line":42,"column":21},"end":{"line":52,"column":4}},"15":{"start":{"line":43,"column":4},"end":{"line":51,"column":5}},"16":{"start":{"line":44,"column":6},"end":{"line":46,"column":41}},"17":{"start":{"line":48,"column":6},"end":{"line":50,"column":50}},"18":{"start":{"line":54,"column":2},"end":{"line":166,"column":4}},"19":{"start":{"line":65,"column":31},"end":{"line":65,"column":57}},"20":{"start":{"line":75,"column":31},"end":{"line":75,"column":58}},"21":{"start":{"line":85,"column":31},"end":{"line":85,"column":59}},"22":{"start":{"line":94,"column":31},"end":{"line":94,"column":59}},"23":{"start":{"line":103,"column":31},"end":{"line":103,"column":59}},"24":{"start":{"line":112,"column":31},"end":{"line":112,"column":59}},"25":{"start":{"line":121,"column":12},"end":{"line":121,"column":null}},"26":{"start":{"line":122,"column":39},"end":{"line":122,"column":66}},"27":{"start":{"line":154,"column":50},"end":{"line":154,"column":67}},"28":{"start":{"line":159,"column":50},"end":{"line":159,"column":68}},"29":{"start":{"line":25,"column":13},"end":{"line":25,"column":67}}},"fnMap":{"0":{"name":"(anonymous_9)","decl":{"start":{"line":25,"column":67},"end":{"line":25,"column":68}},"loc":{"start":{"line":27,"column":5},"end":{"line":167,"column":1}}},"1":{"name":"(anonymous_10)","decl":{"start":{"line":32,"column":25},"end":{"line":32,"column":26}},"loc":{"start":{"line":32,"column":43},"end":{"line":34,"column":3}}},"2":{"name":"(anonymous_11)","decl":{"start":{"line":36,"column":28},"end":{"line":36,"column":29}},"loc":{"start":{"line":36,"column":54},"end":{"line":40,"column":3}}},"3":{"name":"(anonymous_12)","decl":{"start":{"line":42,"column":43},"end":{"line":42,"column":44}},"loc":{"start":{"line":42,"column":52},"end":{"line":52,"column":3}}},"4":{"name":"(anonymous_13)","decl":{"start":{"line":65,"column":25},"end":{"line":65,"column":28}},"loc":{"start":{"line":65,"column":31},"end":{"line":65,"column":57}}},"5":{"name":"(anonymous_14)","decl":{"start":{"line":75,"column":25},"end":{"line":75,"column":28}},"loc":{"start":{"line":75,"column":31},"end":{"line":75,"column":58}}},"6":{"name":"(anonymous_15)","decl":{"start":{"line":85,"column":25},"end":{"line":85,"column":28}},"loc":{"start":{"line":85,"column":31},"end":{"line":85,"column":59}}},"7":{"name":"(anonymous_16)","decl":{"start":{"line":94,"column":25},"end":{"line":94,"column":28}},"loc":{"start":{"line":94,"column":31},"end":{"line":94,"column":59}}},"8":{"name":"(anonymous_17)","decl":{"start":{"line":103,"column":25},"end":{"line":103,"column":28}},"loc":{"start":{"line":103,"column":31},"end":{"line":103,"column":59}}},"9":{"name":"(anonymous_18)","decl":{"start":{"line":112,"column":25},"end":{"line":112,"column":28}},"loc":{"start":{"line":112,"column":31},"end":{"line":112,"column":59}}},"10":{"name":"(anonymous_19)","decl":{"start":{"line":120,"column":26},"end":{"line":120,"column":27}},"loc":{"start":{"line":121,"column":12},"end":{"line":121,"column":null}}},"11":{"name":"(anonymous_20)","decl":{"start":{"line":122,"column":33},"end":{"line":122,"column":36}},"loc":{"start":{"line":122,"column":39},"end":{"line":122,"column":66}}},"12":{"name":"(anonymous_21)","decl":{"start":{"line":154,"column":35},"end":{"line":154,"column":36}},"loc":{"start":{"line":154,"column":50},"end":{"line":154,"column":67}}},"13":{"name":"(anonymous_22)","decl":{"start":{"line":159,"column":35},"end":{"line":159,"column":36}},"loc":{"start":{"line":159,"column":50},"end":{"line":159,"column":68}}}},"branchMap":{"0":{"loc":{"start":{"line":33,"column":15},"end":{"line":33,"column":47}},"type":"cond-expr","locations":[{"start":{"line":33,"column":35},"end":{"line":33,"column":39}},{"start":{"line":33,"column":42},"end":{"line":33,"column":47}}]},"1":{"loc":{"start":{"line":37,"column":18},"end":{"line":37,"column":57}},"type":"binary-expr","locations":[{"start":{"line":37,"column":18},"end":{"line":37,"column":38}},{"start":{"line":37,"column":42},"end":{"line":37,"column":57}}]},"2":{"loc":{"start":{"line":38,"column":13},"end":{"line":38,"column":35}},"type":"cond-expr","locations":[{"start":{"line":38,"column":21},"end":{"line":38,"column":27}},{"start":{"line":38,"column":30},"end":{"line":38,"column":35}}]},"3":{"loc":{"start":{"line":43,"column":4},"end":{"line":51,"column":5}},"type":"if","locations":[{"start":{"line":43,"column":4},"end":{"line":51,"column":5}},{"start":{"line":47,"column":11},"end":{"line":51,"column":5}}]},"4":{"loc":{"start":{"line":44,"column":13},"end":{"line":46,"column":40}},"type":"cond-expr","locations":[{"start":{"line":45,"column":10},"end":{"line":45,"column":40}},{"start":{"line":46,"column":10},"end":{"line":46,"column":40}}]},"5":{"loc":{"start":{"line":48,"column":13},"end":{"line":50,"column":49}},"type":"cond-expr","locations":[{"start":{"line":49,"column":10},"end":{"line":49,"column":49}},{"start":{"line":50,"column":10},"end":{"line":50,"column":49}}]},"6":{"loc":{"start":{"line":64,"column":27},"end":{"line":64,"column":62}},"type":"cond-expr","locations":[{"start":{"line":64,"column":49},"end":{"line":64,"column":54}},{"start":{"line":64,"column":57},"end":{"line":64,"column":62}}]},"7":{"loc":{"start":{"line":74,"column":27},"end":{"line":74,"column":63}},"type":"cond-expr","locations":[{"start":{"line":74,"column":50},"end":{"line":74,"column":55}},{"start":{"line":74,"column":58},"end":{"line":74,"column":63}}]},"8":{"loc":{"start":{"line":84,"column":27},"end":{"line":84,"column":64}},"type":"cond-expr","locations":[{"start":{"line":84,"column":51},"end":{"line":84,"column":56}},{"start":{"line":84,"column":59},"end":{"line":84,"column":64}}]},"9":{"loc":{"start":{"line":93,"column":27},"end":{"line":93,"column":64}},"type":"cond-expr","locations":[{"start":{"line":93,"column":51},"end":{"line":93,"column":56}},{"start":{"line":93,"column":59},"end":{"line":93,"column":64}}]},"10":{"loc":{"start":{"line":102,"column":27},"end":{"line":102,"column":64}},"type":"cond-expr","locations":[{"start":{"line":102,"column":51},"end":{"line":102,"column":56}},{"start":{"line":102,"column":59},"end":{"line":102,"column":64}}]},"11":{"loc":{"start":{"line":111,"column":27},"end":{"line":111,"column":64}},"type":"cond-expr","locations":[{"start":{"line":111,"column":51},"end":{"line":111,"column":56}},{"start":{"line":111,"column":59},"end":{"line":111,"column":64}}]},"12":{"loc":{"start":{"line":125,"column":21},"end":{"line":128,"column":null}},"type":"cond-expr","locations":[{"start":{"line":126,"column":22},"end":{"line":126,"column":41}},{"start":{"line":128,"column":22},"end":{"line":128,"column":43}}]}},"s":{"0":3,"1":3,"2":3,"3":3,"4":3,"5":15,"6":15,"7":15,"8":15,"9":1,"10":15,"11":4,"12":4,"13":4,"14":15,"15":10,"16":8,"17":2,"18":15,"19":2,"20":2,"21":0,"22":0,"23":0,"24":0,"25":25,"26":1,"27":25,"28":25,"29":3},"f":{"0":15,"1":1,"2":4,"3":10,"4":2,"5":2,"6":0,"7":0,"8":0,"9":0,"10":25,"11":1,"12":25,"13":25},"b":{"0":[0,1],"1":[4,3],"2":[2,2],"3":[8,2],"4":[7,1],"5":[1,1],"6":[13,2],"7":[2,13],"8":[0,15],"9":[0,15],"10":[0,15],"11":[0,15],"12":[1,24]}}
,"/Users/himan/Work/Sacred Sutra/code/material-ui-vite-ts/src/pages/orderAnalytics/SkuTable.tsx": {"path":"/Users/himan/Work/Sacred Sutra/code/material-ui-vite-ts/src/pages/orderAnalytics/SkuTable.tsx","statementMap":{"0":{"start":{"line":2,"column":0},"end":{"line":2,"column":null}},"1":{"start":{"line":16,"column":44},"end":{"line":42,"column":null}},"2":{"start":{"line":17,"column":2},"end":{"line":41,"column":null}},"3":{"start":{"line":31,"column":14},"end":{"line":31,"column":null}},"4":{"start":{"line":16,"column":13},"end":{"line":16,"column":44}}},"fnMap":{"0":{"name":"(anonymous_0)","decl":{"start":{"line":16,"column":44},"end":{"line":16,"column":45}},"loc":{"start":{"line":17,"column":2},"end":{"line":41,"column":null}}},"1":{"name":"(anonymous_1)","decl":{"start":{"line":30,"column":38},"end":{"line":30,"column":39}},"loc":{"start":{"line":31,"column":14},"end":{"line":31,"column":null}}}},"branchMap":{},"s":{"0":4,"1":4,"2":29,"3":48,"4":4},"f":{"0":29,"1":48},"b":{}}
,"/Users/himan/Work/Sacred Sutra/code/material-ui-vite-ts/src/pages/orderAnalytics/orderAnalytics.page.tsx": {"path":"/Users/himan/Work/Sacred Sutra/code/material-ui-vite-ts/src/pages/orderAnalytics/orderAnalytics.page.tsx","statementMap":{"0":{"start":{"line":1,"column":0},"end":{"line":1,"column":51}},"1":{"start":{"line":2,"column":0},"end":{"line":2,"column":73}},"2":{"start":{"line":3,"column":0},"end":{"line":3,"column":39}},"3":{"start":{"line":4,"column":0},"end":{"line":4,"column":29}},"4":{"start":{"line":5,"column":0},"end":{"line":5,"column":51}},"5":{"start":{"line":6,"column":0},"end":{"line":6,"column":61}},"6":{"start":{"line":7,"column":0},"end":{"line":7,"column":47}},"7":{"start":{"line":8,"column":0},"end":{"line":8,"column":56}},"8":{"start":{"line":9,"column":0},"end":{"line":9,"column":78}},"9":{"start":{"line":13,"column":34},"end":{"line":111,"column":1}},"10":{"start":{"line":14,"column":38},"end":{"line":14,"column":63}},"11":{"start":{"line":15,"column":40},"end":{"line":15,"column":61}},"12":{"start":{"line":16,"column":34},"end":{"line":18,"column":7}},"13":{"start":{"line":20,"column":38},"end":{"line":20,"column":53}},"14":{"start":{"line":22,"column":22},"end":{"line":32,"column":3}},"15":{"start":{"line":23,"column":4},"end":{"line":23,"column":24}},"16":{"start":{"line":24,"column":24},"end":{"line":24,"column":41}},"17":{"start":{"line":25,"column":4},"end":{"line":30,"column":5}},"18":{"start":{"line":26,"column":6},"end":{"line":26,"column":33}},"19":{"start":{"line":27,"column":22},"end":{"line":27,"column":77}},"20":{"start":{"line":28,"column":6},"end":{"line":28,"column":46}},"21":{"start":{"line":29,"column":6},"end":{"line":29,"column":38}},"22":{"start":{"line":31,"column":4},"end":{"line":31,"column":25}},"23":{"start":{"line":34,"column":19},"end":{"line":41,"column":3}},"24":{"start":{"line":35,"column":4},"end":{"line":35,"column":24}},"25":{"start":{"line":36,"column":4},"end":{"line":36,"column":21}},"26":{"start":{"line":37,"column":4},"end":{"line":37,"column":22}},"27":{"start":{"line":38,"column":4},"end":{"line":38,"column":23}},"28":{"start":{"line":39,"column":4},"end":{"line":39,"column":20}},"29":{"start":{"line":40,"column":4},"end":{"line":40,"column":25}},"30":{"start":{"line":43,"column":2},"end":{"line":45,"column":9}},"31":{"start":{"line":44,"column":4},"end":{"line":44,"column":18}},"32":{"start":{"line":47,"column":27},"end":{"line":71,"column":3}},"33":{"start":{"line":48,"column":4},"end":{"line":48,"column":24}},"34":{"start":{"line":49,"column":17},"end":{"line":49,"column":40}},"35":{"start":{"line":50,"column":4},"end":{"line":70,"column":5}},"36":{"start":{"line":51,"column":6},"end":{"line":69,"column":9}},"37":{"start":{"line":53,"column":23},"end":{"line":53,"column":50}},"38":{"start":{"line":54,"column":10},"end":{"line":54,"column":30}},"39":{"start":{"line":55,"column":26},"end":{"line":55,"column":59}},"40":{"start":{"line":56,"column":10},"end":{"line":56,"column":50}},"41":{"start":{"line":57,"column":10},"end":{"line":57,"column":42}},"42":{"start":{"line":58,"column":10},"end":{"line":58,"column":31}},"43":{"start":{"line":62,"column":10},"end":{"line":64,"column":11}},"44":{"start":{"line":63,"column":12},"end":{"line":63,"column":55}},"45":{"start":{"line":66,"column":10},"end":{"line":66,"column":23}},"46":{"start":{"line":73,"column":2},"end":{"line":110,"column":4}},"47":{"start":{"line":91,"column":37},"end":{"line":91,"column":47}},"48":{"start":{"line":13,"column":13},"end":{"line":13,"column":34}},"49":{"start":{"line":113,"column":15},"end":{"line":130,"column":1}},"50":{"start":{"line":120,"column":2},"end":{"line":129,"column":4}}},"fnMap":{"0":{"name":"(anonymous_1)","decl":{"start":{"line":13,"column":34},"end":{"line":13,"column":37}},"loc":{"start":{"line":13,"column":39},"end":{"line":111,"column":1}}},"1":{"name":"(anonymous_2)","decl":{"start":{"line":22,"column":22},"end":{"line":22,"column":27}},"loc":{"start":{"line":22,"column":33},"end":{"line":32,"column":3}}},"2":{"name":"(anonymous_3)","decl":{"start":{"line":34,"column":19},"end":{"line":34,"column":22}},"loc":{"start":{"line":34,"column":24},"end":{"line":41,"column":3}}},"3":{"name":"(anonymous_4)","decl":{"start":{"line":43,"column":12},"end":{"line":43,"column":15}},"loc":{"start":{"line":43,"column":17},"end":{"line":45,"column":3}}},"4":{"name":"(anonymous_5)","decl":{"start":{"line":47,"column":27},"end":{"line":47,"column":28}},"loc":{"start":{"line":47,"column":74},"end":{"line":71,"column":3}}},"5":{"name":"(anonymous_6)","decl":{"start":{"line":52,"column":18},"end":{"line":52,"column":23}},"loc":{"start":{"line":52,"column":65},"end":{"line":59,"column":9}}},"6":{"name":"(anonymous_7)","decl":{"start":{"line":61,"column":19},"end":{"line":61,"column":20}},"loc":{"start":{"line":61,"column":52},"end":{"line":67,"column":9}}},"7":{"name":"(anonymous_8)","decl":{"start":{"line":91,"column":31},"end":{"line":91,"column":34}},"loc":{"start":{"line":91,"column":37},"end":{"line":91,"column":47}}},"8":{"name":"(anonymous_9)","decl":{"start":{"line":113,"column":15},"end":{"line":113,"column":16}},"loc":{"start":{"line":119,"column":5},"end":{"line":130,"column":1}}}},"branchMap":{"0":{"loc":{"start":{"line":25,"column":4},"end":{"line":30,"column":5}},"type":"if","locations":[{"start":{"line":25,"column":4},"end":{"line":30,"column":5}}]},"1":{"loc":{"start":{"line":50,"column":4},"end":{"line":70,"column":5}},"type":"if","locations":[{"start":{"line":50,"column":4},"end":{"line":70,"column":5}}]},"2":{"loc":{"start":{"line":62,"column":10},"end":{"line":64,"column":11}},"type":"if","locations":[{"start":{"line":62,"column":10},"end":{"line":64,"column":11}}]},"3":{"loc":{"start":{"line":96,"column":11},"end":{"line":100,"column":null}},"type":"binary-expr","locations":[{"start":{"line":96,"column":11},"end":{"line":96,"column":25}},{"start":{"line":96,"column":29},"end":{"line":96,"column":41}},{"start":{"line":97,"column":12},"end":{"line":99,"column":null}}]},"4":{"loc":{"start":{"line":104,"column":7},"end":{"line":107,"column":null}},"type":"binary-expr","locations":[{"start":{"line":104,"column":7},"end":{"line":104,"column":29}},{"start":{"line":105,"column":8},"end":{"line":106,"column":null}}]},"5":{"loc":{"start":{"line":114,"column":2},"end":{"line":114,"column":20}},"type":"default-arg","locations":[{"start":{"line":114,"column":15},"end":{"line":114,"column":20}}]},"6":{"loc":{"start":{"line":122,"column":7},"end":{"line":125,"column":null}},"type":"binary-expr","locations":[{"start":{"line":122,"column":7},"end":{"line":122,"column":17}},{"start":{"line":123,"column":8},"end":{"line":124,"column":null}}]}},"s":{"0":2,"1":2,"2":2,"3":2,"4":2,"5":2,"6":2,"7":2,"8":2,"9":2,"10":26,"11":24,"12":24,"13":24,"14":24,"15":9,"16":9,"17":8,"18":7,"19":7,"20":7,"21":7,"22":8,"23":24,"24":1,"25":1,"26":1,"27":1,"28":1,"29":1,"30":24,"31":9,"32":24,"33":1,"34":1,"35":1,"36":1,"37":0,"38":0,"39":0,"40":0,"41":0,"42":0,"43":0,"44":0,"45":0,"46":24,"47":1,"48":2,"49":2,"50":24},"f":{"0":26,"1":9,"2":1,"3":9,"4":1,"5":0,"6":0,"7":1,"8":24},"b":{"0":[7],"1":[1],"2":[0],"3":[24,5,5],"4":[24,5],"5":[0],"6":[24,10]}}
,"/Users/himan/Work/Sacred Sutra/code/material-ui-vite-ts/src/pages/orderAnalytics/constants/product.ts": {"path":"/Users/himan/Work/Sacred Sutra/code/material-ui-vite-ts/src/pages/orderAnalytics/constants/product.ts","statementMap":{"0":{"start":{"line":4,"column":24},"end":{"line":87,"column":4}},"1":{"start":{"line":91,"column":4},"end":{"line":91,"column":35}},"2":{"start":{"line":96,"column":4},"end":{"line":96,"column":29}},"3":{"start":{"line":101,"column":4},"end":{"line":101,"column":44}},"4":{"start":{"line":106,"column":4},"end":{"line":110,"column":5}},"5":{"start":{"line":107,"column":6},"end":{"line":109,"column":7}},"6":{"start":{"line":108,"column":8},"end":{"line":108,"column":21}},"7":{"start":{"line":111,"column":4},"end":{"line":111,"column":21}},"8":{"start":{"line":3,"column":0},"end":{"line":3,"column":13}}},"fnMap":{"0":{"name":"(anonymous_0)","decl":{"start":{"line":90,"column":2},"end":{"line":90,"column":8}},"loc":{"start":{"line":90,"column":28},"end":{"line":92,"column":3}}},"1":{"name":"(anonymous_1)","decl":{"start":{"line":95,"column":2},"end":{"line":95,"column":8}},"loc":{"start":{"line":95,"column":44},"end":{"line":97,"column":3}}},"2":{"name":"(anonymous_2)","decl":{"start":{"line":100,"column":2},"end":{"line":100,"column":8}},"loc":{"start":{"line":100,"column":19},"end":{"line":102,"column":3}}},"3":{"name":"(anonymous_3)","decl":{"start":{"line":105,"column":2},"end":{"line":105,"column":8}},"loc":{"start":{"line":105,"column":41},"end":{"line":112,"column":3}}}},"branchMap":{"0":{"loc":{"start":{"line":107,"column":6},"end":{"line":109,"column":7}},"type":"if","locations":[{"start":{"line":107,"column":6},"end":{"line":109,"column":7}}]}},"s":{"0":3,"1":1,"2":1,"3":1,"4":16,"5":592,"6":15,"7":1,"8":3},"f":{"0":1,"1":1,"2":1,"3":16},"b":{"0":[15]}}
,"/Users/himan/Work/Sacred Sutra/code/material-ui-vite-ts/src/pages/orderAnalytics/services/orderAggregation.service.ts": {"path":"/Users/himan/Work/Sacred Sutra/code/material-ui-vite-ts/src/pages/orderAnalytics/services/orderAggregation.service.ts","statementMap":{"0":{"start":{"line":1,"column":0},"end":{"line":1,"column":74}},"1":{"start":{"line":2,"column":0},"end":{"line":2,"column":52}},"2":{"start":{"line":10,"column":4},"end":{"line":10,"column":21}},"3":{"start":{"line":13,"column":27},"end":{"line":13,"column":69}},"4":{"start":{"line":15,"column":20},"end":{"line":15,"column":52}},"5":{"start":{"line":18,"column":28},"end":{"line":18,"column":52}},"6":{"start":{"line":20,"column":4},"end":{"line":59,"column":5}},"7":{"start":{"line":21,"column":28},"end":{"line":21,"column":60}},"8":{"start":{"line":22,"column":6},"end":{"line":24,"column":7}},"9":{"start":{"line":23,"column":8},"end":{"line":23,"column":32}},"10":{"start":{"line":26,"column":20},"end":{"line":26,"column":75}},"11":{"start":{"line":28,"column":6},"end":{"line":34,"column":7}},"12":{"start":{"line":29,"column":8},"end":{"line":33,"column":20}},"13":{"start":{"line":36,"column":25},"end":{"line":36,"column":51}},"14":{"start":{"line":38,"column":6},"end":{"line":58,"column":7}},"15":{"start":{"line":39,"column":8},"end":{"line":39,"column":52}},"16":{"start":{"line":40,"column":8},"end":{"line":46,"column":9}},"17":{"start":{"line":41,"column":10},"end":{"line":45,"column":12}},"18":{"start":{"line":47,"column":8},"end":{"line":47,"column":66}},"19":{"start":{"line":48,"column":13},"end":{"line":58,"column":7}},"20":{"start":{"line":49,"column":8},"end":{"line":49,"column":51}},"21":{"start":{"line":50,"column":8},"end":{"line":56,"column":9}},"22":{"start":{"line":51,"column":10},"end":{"line":55,"column":12}},"23":{"start":{"line":57,"column":8},"end":{"line":57,"column":65}},"24":{"start":{"line":61,"column":4},"end":{"line":70,"column":6}},"25":{"start":{"line":64,"column":9},"end":{"line":69,"column":null}},"26":{"start":{"line":74,"column":19},"end":{"line":78,"column":6}},"27":{"start":{"line":75,"column":20},"end":{"line":75,"column":42}},"28":{"start":{"line":76,"column":20},"end":{"line":76,"column":42}},"29":{"start":{"line":77,"column":6},"end":{"line":77,"column":47}},"30":{"start":{"line":80,"column":4},"end":{"line":83,"column":6}},"31":{"start":{"line":88,"column":4},"end":{"line":88,"column":32}},"32":{"start":{"line":89,"column":4},"end":{"line":89,"column":38}},"33":{"start":{"line":6,"column":0},"end":{"line":6,"column":13}}},"fnMap":{"0":{"name":"(anonymous_0)","decl":{"start":{"line":9,"column":2},"end":{"line":9,"column":14}},"loc":{"start":{"line":9,"column":31},"end":{"line":11,"column":3}}},"1":{"name":"(anonymous_1)","decl":{"start":{"line":17,"column":10},"end":{"line":17,"column":15}},"loc":{"start":{"line":17,"column":35},"end":{"line":71,"column":3}}},"2":{"name":"(anonymous_2)","decl":{"start":{"line":63,"column":6},"end":{"line":63,"column":7}},"loc":{"start":{"line":64,"column":9},"end":{"line":69,"column":null}}},"3":{"name":"(anonymous_3)","decl":{"start":{"line":73,"column":2},"end":{"line":73,"column":10}},"loc":{"start":{"line":73,"column":10},"end":{"line":84,"column":3}}},"4":{"name":"(anonymous_4)","decl":{"start":{"line":74,"column":34},"end":{"line":74,"column":35}},"loc":{"start":{"line":74,"column":43},"end":{"line":78,"column":5}}},"5":{"name":"(anonymous_5)","decl":{"start":{"line":87,"column":2},"end":{"line":87,"column":7}},"loc":{"start":{"line":87,"column":15},"end":{"line":90,"column":3}}}},"branchMap":{"0":{"loc":{"start":{"line":22,"column":6},"end":{"line":24,"column":7}},"type":"if","locations":[{"start":{"line":22,"column":6},"end":{"line":24,"column":7}}]},"1":{"loc":{"start":{"line":26,"column":20},"end":{"line":26,"column":75}},"type":"binary-expr","locations":[{"start":{"line":26,"column":20},"end":{"line":26,"column":62}},{"start":{"line":26,"column":66},"end":{"line":26,"column":75}}]},"2":{"loc":{"start":{"line":28,"column":6},"end":{"line":34,"column":7}},"type":"if","locations":[{"start":{"line":28,"column":6},"end":{"line":34,"column":7}}]},"3":{"loc":{"start":{"line":38,"column":6},"end":{"line":58,"column":7}},"type":"if","locations":[{"start":{"line":38,"column":6},"end":{"line":58,"column":7}},{"start":{"line":48,"column":13},"end":{"line":58,"column":7}}]},"4":{"loc":{"start":{"line":40,"column":8},"end":{"line":46,"column":9}},"type":"if","locations":[{"start":{"line":40,"column":8},"end":{"line":46,"column":9}}]},"5":{"loc":{"start":{"line":48,"column":13},"end":{"line":58,"column":7}},"type":"if","locations":[{"start":{"line":48,"column":13},"end":{"line":58,"column":7}}]},"6":{"loc":{"start":{"line":50,"column":8},"end":{"line":56,"column":9}},"type":"if","locations":[{"start":{"line":50,"column":8},"end":{"line":56,"column":9}}]}},"s":{"0":2,"1":2,"2":7,"3":7,"4":7,"5":7,"6":7,"7":14,"8":14,"9":0,"10":14,"11":14,"12":7,"13":14,"14":14,"15":0,"16":0,"17":0,"18":0,"19":14,"20":0,"21":0,"22":0,"23":0,"24":7,"25":7,"26":7,"27":7,"28":7,"29":7,"30":7,"31":7,"32":7,"33":2},"f":{"0":7,"1":7,"2":7,"3":7,"4":7,"5":7},"b":{"0":[0],"1":[14,0],"2":[7],"3":[0,14],"4":[0],"5":[0],"6":[0]}}
,"/Users/himan/Work/Sacred Sutra/code/material-ui-vite-ts/src/storage/db.ts": {"path":"/Users/himan/Work/Sacred Sutra/code/material-ui-vite-ts/src/storage/db.ts","statementMap":{"0":{"start":{"line":2,"column":0},"end":{"line":2,"column":39}},"1":{"start":{"line":5,"column":16},"end":{"line":5,"column":34}},"2":{"start":{"line":6,"column":19},"end":{"line":6,"column":27}},"3":{"start":{"line":8,"column":15},"end":{"line":18,"column":1}},"4":{"start":{"line":9,"column":13},"end":{"line":16,"column":4}},"5":{"start":{"line":11,"column":6},"end":{"line":14,"column":7}},"6":{"start":{"line":12,"column":22},"end":{"line":12,"column":79}},"7":{"start":{"line":13,"column":8},"end":{"line":13,"column":68}},"8":{"start":{"line":17,"column":2},"end":{"line":17,"column":12}},"9":{"start":{"line":20,"column":26},"end":{"line":27,"column":1}},"10":{"start":{"line":21,"column":13},"end":{"line":21,"column":27}},"11":{"start":{"line":22,"column":13},"end":{"line":22,"column":52}},"12":{"start":{"line":23,"column":2},"end":{"line":25,"column":3}},"13":{"start":{"line":24,"column":4},"end":{"line":24,"column":48}},"14":{"start":{"line":26,"column":2},"end":{"line":26,"column":16}},"15":{"start":{"line":20,"column":13},"end":{"line":20,"column":26}},"16":{"start":{"line":29,"column":25},"end":{"line":35,"column":1}},"17":{"start":{"line":30,"column":13},"end":{"line":30,"column":27}},"18":{"start":{"line":31,"column":13},"end":{"line":31,"column":51}},"19":{"start":{"line":32,"column":17},"end":{"line":32,"column":58}},"20":{"start":{"line":33,"column":2},"end":{"line":33,"column":16}},"21":{"start":{"line":34,"column":2},"end":{"line":34,"column":16}},"22":{"start":{"line":29,"column":13},"end":{"line":29,"column":25}},"23":{"start":{"line":37,"column":28},"end":{"line":45,"column":1}},"24":{"start":{"line":40,"column":13},"end":{"line":40,"column":27}},"25":{"start":{"line":41,"column":13},"end":{"line":41,"column":51}},"26":{"start":{"line":42,"column":16},"end":{"line":42,"column":61}},"27":{"start":{"line":43,"column":2},"end":{"line":43,"column":16}},"28":{"start":{"line":44,"column":2},"end":{"line":44,"column":15}},"29":{"start":{"line":37,"column":13},"end":{"line":37,"column":28}},"30":{"start":{"line":47,"column":30},"end":{"line":49,"column":1}},"31":{"start":{"line":48,"column":2},"end":{"line":48,"column":26}},"32":{"start":{"line":47,"column":13},"end":{"line":47,"column":30}}},"fnMap":{"0":{"name":"(anonymous_0)","decl":{"start":{"line":8,"column":15},"end":{"line":8,"column":20}},"loc":{"start":{"line":8,"column":26},"end":{"line":18,"column":1}}},"1":{"name":"(anonymous_1)","decl":{"start":{"line":10,"column":4},"end":{"line":10,"column":11}},"loc":{"start":{"line":10,"column":14},"end":{"line":15,"column":5}}},"2":{"name":"(anonymous_2)","decl":{"start":{"line":20,"column":26},"end":{"line":20,"column":31}},"loc":{"start":{"line":20,"column":56},"end":{"line":27,"column":1}}},"3":{"name":"(anonymous_3)","decl":{"start":{"line":29,"column":25},"end":{"line":29,"column":30}},"loc":{"start":{"line":29,"column":58},"end":{"line":35,"column":1}}},"4":{"name":"(anonymous_4)","decl":{"start":{"line":37,"column":28},"end":{"line":37,"column":33}},"loc":{"start":{"line":39,"column":36},"end":{"line":45,"column":1}}},"5":{"name":"(anonymous_5)","decl":{"start":{"line":47,"column":30},"end":{"line":47,"column":35}},"loc":{"start":{"line":47,"column":41},"end":{"line":49,"column":1}}}},"branchMap":{"0":{"loc":{"start":{"line":11,"column":6},"end":{"line":14,"column":7}},"type":"if","locations":[{"start":{"line":11,"column":6},"end":{"line":14,"column":7}}]}},"s":{"0":1,"1":1,"2":1,"3":1,"4":2,"5":1,"6":1,"7":1,"8":2,"9":1,"10":0,"11":0,"12":0,"13":0,"14":0,"15":1,"16":1,"17":2,"18":2,"19":2,"20":1,"21":1,"22":1,"23":1,"24":0,"25":0,"26":0,"27":0,"28":0,"29":1,"30":1,"31":0,"32":1},"f":{"0":2,"1":1,"2":0,"3":2,"4":0,"5":0},"b":{"0":[1]}}
}
