TN:
SF:src/App.tsx
FN:6,(anonymous_9)
FN:7,(anonymous_10)
FN:7,(anonymous_11)
FN:12,(anonymous_12)
FN:13,(anonymous_13)
FN:13,(anonymous_14)
FN:18,App
FNF:7
FNH:7
FNDA:1,(anonymous_9)
FNDA:1,(anonymous_10)
FNDA:1,(anonymous_11)
FNDA:1,(anonymous_12)
FNDA:1,(anonymous_13)
FNDA:1,(anonymous_14)
FNDA:4,App
DA:1,1
DA:2,1
DA:3,1
DA:4,1
DA:6,1
DA:7,1
DA:12,1
DA:13,1
DA:18,1
DA:19,4
LF:10
LH:10
BRF:0
BRH:0
end_of_record
TN:
SF:src/components/appbar.tsx
FN:11,(anonymous_1)
FNF:1
FNH:1
FNDA:8,(anonymous_1)
DA:1,1
DA:2,1
DA:11,1
DA:14,8
LF:4
LH:4
BRF:0
BRH:0
end_of_record
TN:
SF:src/containers/default/default.container.tsx
FN:17,(anonymous_1)
FN:24,(anonymous_2)
FN:24,(anonymous_3)
FNF:3
FNH:3
FNDA:8,(anonymous_1)
FNDA:24,(anonymous_2)
FNDA:5,(anonymous_3)
DA:1,1
DA:2,1
DA:13,1
DA:14,1
DA:15,1
DA:17,1
DA:22,8
DA:24,24
DA:25,5
DA:29,8
DA:56,8
LF:11
LH:11
BRF:0
BRH:0
end_of_record
TN:
SF:src/pages/home/file-input.tsx
FN:19,(anonymous_0)
FN:27,(anonymous_1)
FNF:2
FNH:2
FNDA:28,(anonymous_0)
FNDA:1,(anonymous_1)
DA:1,2
DA:2,2
DA:3,2
DA:7,2
DA:19,2
DA:20,28
DA:27,1
LF:7
LH:7
BRDA:23,0,0,0
BRDA:23,0,1,28
BRDA:24,1,0,0
BRDA:24,1,1,28
BRDA:26,2,0,0
BRDA:26,2,1,28
BRDA:30,3,0,28
BRDA:30,3,1,0
BRF:8
BRH:4
end_of_record
TN:
SF:src/pages/home/home.page.tsx
FN:11,(anonymous_1)
FN:16,(anonymous_2)
FN:47,(anonymous_3)
FN:62,(anonymous_4)
FN:76,(anonymous_5)
FN:94,(anonymous_6)
FNF:6
FNH:1
FNDA:2,(anonymous_1)
FNDA:0,(anonymous_2)
FNDA:0,(anonymous_3)
FNDA:0,(anonymous_4)
FNDA:0,(anonymous_5)
FNDA:0,(anonymous_6)
DA:1,1
DA:2,1
DA:3,1
DA:4,1
DA:5,1
DA:6,1
DA:7,1
DA:8,1
DA:11,1
DA:12,2
DA:13,2
DA:14,2
DA:16,2
DA:17,0
DA:19,0
DA:24,0
DA:25,0
DA:28,0
DA:29,0
DA:30,0
DA:31,0
DA:34,2
DA:48,0
DA:49,0
DA:63,0
DA:64,0
DA:77,0
DA:95,0
LF:28
LH:14
BRDA:17,0,0,0
BRDA:17,1,0,0
BRDA:17,1,1,0
BRDA:48,2,0,0
BRDA:63,3,0,0
BRDA:80,4,0,2
BRDA:80,4,1,2
BRDA:85,5,0,2
BRDA:85,5,1,0
BRF:9
BRH:3
end_of_record
TN:
SF:src/pages/home/utils.ts
FN:1,(anonymous_0)
FN:9,(anonymous_1)
FN:10,(anonymous_2)
FN:18,downloadFile
FNF:4
FNH:0
FNDA:0,(anonymous_0)
FNDA:0,(anonymous_1)
FNDA:0,(anonymous_2)
FNDA:0,downloadFile
DA:1,1
DA:4,0
DA:6,0
DA:9,0
DA:10,0
DA:11,0
DA:13,0
DA:14,0
DA:18,1
DA:19,0
DA:20,0
DA:21,0
DA:22,0
DA:23,0
DA:24,0
DA:25,0
DA:26,0
LF:17
LH:2
BRDA:4,0,0,0
BRF:1
BRH:0
end_of_record
TN:
SF:src/pages/home/services/TrasformAmazonPages.ts
FN:5,TrasformAmazonPages
FNF:1
FNH:1
FNDA:2,TrasformAmazonPages
DA:1,2
DA:5,2
DA:9,2
DA:12,2
DA:15,2
DA:18,2
DA:19,8
DA:21,4
DA:22,4
DA:25,2
LF:10
LH:10
BRDA:19,0,0,4
BRF:1
BRH:1
end_of_record
TN:
SF:src/pages/home/services/TrasformFlipkartPages.ts
FN:5,TrasformFlipkartPages
FNF:1
FNH:1
FNDA:2,TrasformFlipkartPages
DA:1,2
DA:5,2
DA:8,2
DA:9,2
DA:12,2
DA:15,2
DA:16,2
DA:17,2
DA:18,0
DA:19,0
DA:22,0
DA:23,0
DA:24,0
DA:25,0
DA:27,0
DA:28,0
DA:31,0
DA:34,0
DA:37,0
DA:40,0
LF:20
LH:8
BRF:0
BRH:0
end_of_record
TN:
SF:src/pages/home/services/merge.service.ts
FN:5,mergePdfs
FNF:1
FNH:1
FNDA:4,mergePdfs
DA:1,2
DA:2,2
DA:3,2
DA:5,2
DA:12,4
DA:13,4
DA:14,2
DA:15,2
DA:16,2
DA:17,2
DA:18,2
DA:22,4
DA:23,2
DA:24,2
DA:25,2
DA:26,2
DA:27,2
DA:31,4
LF:18
LH:18
BRDA:13,0,0,2
BRDA:22,1,0,2
BRF:2
BRH:2
end_of_record
TN:
SF:src/pages/orderAnalytics/ProductGroupTable.tsx
FN:25,(anonymous_9)
FN:32,(anonymous_10)
FN:36,(anonymous_11)
FN:42,(anonymous_12)
FN:65,(anonymous_13)
FN:75,(anonymous_14)
FN:85,(anonymous_15)
FN:94,(anonymous_16)
FN:103,(anonymous_17)
FN:112,(anonymous_18)
FN:120,(anonymous_19)
FN:122,(anonymous_20)
FN:154,(anonymous_21)
FN:159,(anonymous_22)
FNF:14
FNH:10
FNDA:15,(anonymous_9)
FNDA:1,(anonymous_10)
FNDA:4,(anonymous_11)
FNDA:10,(anonymous_12)
FNDA:2,(anonymous_13)
FNDA:2,(anonymous_14)
FNDA:0,(anonymous_15)
FNDA:0,(anonymous_16)
FNDA:0,(anonymous_17)
FNDA:0,(anonymous_18)
FNDA:25,(anonymous_19)
FNDA:1,(anonymous_20)
FNDA:25,(anonymous_21)
FNDA:25,(anonymous_22)
DA:1,3
DA:2,3
DA:15,3
DA:16,3
DA:25,3
DA:28,15
DA:29,15
DA:30,15
DA:32,15
DA:33,1
DA:36,15
DA:37,4
DA:38,4
DA:39,4
DA:42,15
DA:43,10
DA:44,8
DA:48,2
DA:54,15
DA:65,2
DA:75,2
DA:85,0
DA:94,0
DA:103,0
DA:112,0
DA:121,25
DA:122,1
DA:154,25
DA:159,25
LF:29
LH:25
BRDA:33,0,0,0
BRDA:33,0,1,1
BRDA:37,1,0,4
BRDA:37,1,1,3
BRDA:38,2,0,2
BRDA:38,2,1,2
BRDA:43,3,0,8
BRDA:43,3,1,2
BRDA:44,4,0,7
BRDA:44,4,1,1
BRDA:48,5,0,1
BRDA:48,5,1,1
BRDA:64,6,0,13
BRDA:64,6,1,2
BRDA:74,7,0,2
BRDA:74,7,1,13
BRDA:84,8,0,0
BRDA:84,8,1,15
BRDA:93,9,0,0
BRDA:93,9,1,15
BRDA:102,10,0,0
BRDA:102,10,1,15
BRDA:111,11,0,0
BRDA:111,11,1,15
BRDA:125,12,0,1
BRDA:125,12,1,24
BRF:26
BRH:21
end_of_record
TN:
SF:src/pages/orderAnalytics/SkuTable.tsx
FN:16,(anonymous_0)
FN:30,(anonymous_1)
FNF:2
FNH:2
FNDA:29,(anonymous_0)
FNDA:48,(anonymous_1)
DA:2,4
DA:16,4
DA:17,29
DA:31,48
LF:4
LH:4
BRF:0
BRH:0
end_of_record
TN:
SF:src/pages/orderAnalytics/orderAnalytics.page.tsx
FN:13,(anonymous_1)
FN:22,(anonymous_2)
FN:34,(anonymous_3)
FN:43,(anonymous_4)
FN:47,(anonymous_5)
FN:52,(anonymous_6)
FN:61,(anonymous_7)
FN:91,(anonymous_8)
FN:113,(anonymous_9)
FNF:9
FNH:7
FNDA:26,(anonymous_1)
FNDA:9,(anonymous_2)
FNDA:1,(anonymous_3)
FNDA:9,(anonymous_4)
FNDA:1,(anonymous_5)
FNDA:0,(anonymous_6)
FNDA:0,(anonymous_7)
FNDA:1,(anonymous_8)
FNDA:24,(anonymous_9)
DA:1,2
DA:2,2
DA:3,2
DA:4,2
DA:5,2
DA:6,2
DA:7,2
DA:8,2
DA:9,2
DA:13,2
DA:14,26
DA:15,24
DA:16,24
DA:20,24
DA:22,24
DA:23,9
DA:24,9
DA:25,8
DA:26,7
DA:27,7
DA:28,7
DA:29,7
DA:31,8
DA:34,24
DA:35,1
DA:36,1
DA:37,1
DA:38,1
DA:39,1
DA:40,1
DA:43,24
DA:44,9
DA:47,24
DA:48,1
DA:49,1
DA:50,1
DA:51,1
DA:53,0
DA:54,0
DA:55,0
DA:56,0
DA:57,0
DA:58,0
DA:62,0
DA:63,0
DA:66,0
DA:73,24
DA:91,1
DA:113,2
DA:120,24
LF:50
LH:41
BRDA:25,0,0,7
BRDA:50,1,0,1
BRDA:62,2,0,0
BRDA:96,3,0,24
BRDA:96,3,1,5
BRDA:96,3,2,5
BRDA:104,4,0,24
BRDA:104,4,1,5
BRDA:114,5,0,0
BRDA:122,6,0,24
BRDA:122,6,1,10
BRF:11
BRH:9
end_of_record
TN:
SF:src/pages/orderAnalytics/constants/product.ts
FN:90,(anonymous_0)
FN:95,(anonymous_1)
FN:100,(anonymous_2)
FN:105,(anonymous_3)
FNF:4
FNH:4
FNDA:1,(anonymous_0)
FNDA:1,(anonymous_1)
FNDA:1,(anonymous_2)
FNDA:16,(anonymous_3)
DA:3,3
DA:4,3
DA:91,1
DA:96,1
DA:101,1
DA:106,16
DA:107,592
DA:108,15
DA:111,1
LF:9
LH:9
BRDA:107,0,0,15
BRF:1
BRH:1
end_of_record
TN:
SF:src/pages/orderAnalytics/services/orderAggregation.service.ts
FN:9,(anonymous_0)
FN:17,(anonymous_1)
FN:63,(anonymous_2)
FN:73,(anonymous_3)
FN:74,(anonymous_4)
FN:87,(anonymous_5)
FNF:6
FNH:6
FNDA:7,(anonymous_0)
FNDA:7,(anonymous_1)
FNDA:7,(anonymous_2)
FNDA:7,(anonymous_3)
FNDA:7,(anonymous_4)
FNDA:7,(anonymous_5)
DA:1,2
DA:2,2
DA:6,2
DA:10,7
DA:13,7
DA:15,7
DA:18,7
DA:20,7
DA:21,14
DA:22,14
DA:23,0
DA:26,14
DA:28,14
DA:29,7
DA:36,14
DA:38,14
DA:39,0
DA:40,0
DA:41,0
DA:47,0
DA:48,14
DA:49,0
DA:50,0
DA:51,0
DA:57,0
DA:61,7
DA:64,7
DA:74,7
DA:75,7
DA:76,7
DA:77,7
DA:80,7
DA:88,7
DA:89,7
LF:34
LH:25
BRDA:22,0,0,0
BRDA:26,1,0,14
BRDA:26,1,1,0
BRDA:28,2,0,7
BRDA:38,3,0,0
BRDA:38,3,1,14
BRDA:40,4,0,0
BRDA:48,5,0,0
BRDA:50,6,0,0
BRF:9
BRH:3
end_of_record
TN:
SF:src/storage/db.ts
FN:8,(anonymous_0)
FN:10,(anonymous_1)
FN:20,(anonymous_2)
FN:29,(anonymous_3)
FN:37,(anonymous_4)
FN:47,(anonymous_5)
FNF:6
FNH:3
FNDA:2,(anonymous_0)
FNDA:1,(anonymous_1)
FNDA:0,(anonymous_2)
FNDA:2,(anonymous_3)
FNDA:0,(anonymous_4)
FNDA:0,(anonymous_5)
DA:2,1
DA:5,1
DA:6,1
DA:8,1
DA:9,2
DA:11,1
DA:12,1
DA:13,1
DA:17,2
DA:20,1
DA:21,0
DA:22,0
DA:23,0
DA:24,0
DA:26,0
DA:29,1
DA:30,2
DA:31,2
DA:32,2
DA:33,1
DA:34,1
DA:37,1
DA:40,0
DA:41,0
DA:42,0
DA:43,0
DA:44,0
DA:47,1
DA:48,0
LF:29
LH:18
BRDA:11,0,0,1
BRF:1
BRH:1
end_of_record
